<?xml version="1.0" encoding="UTF-8"?>
<!-- Generated by org.testng.reporters.JUnitReportReporter -->
<testsuite hostname="Vicky" failures="0" tests="1" name="Sprint1.Sample" time="0.016" errors="1" timestamp="2026-09-10T11:54:18 IST" skipped="0">
  <testcase classname="Sprint1.Sample" name="abc" time="0.016">
    <error message="Unresolved compilation problems: 
	Cannot make a static reference to the non-static field eUtil
	Cannot make a static reference to the non-static field eUtil
	Cannot make a static reference to the non-static field eUtil
	Cannot make a static reference to the non-static field eUtil
	Cannot make a static reference to the non-static field eUtil
	Cannot make a static reference to the non-static field eUtil
	Cannot make a static reference to the non-static field pUtil
" type="java.lang.Error">
      <![CDATA[java.lang.Error: Unresolved compilation problems: 
Cannot make a static reference to the non-static field eUtil
Cannot make a static reference to the non-static field eUtil
Cannot make a static reference to the non-static field eUtil
Cannot make a static reference to the non-static field eUtil
Cannot make a static reference to the non-static field eUtil
Cannot make a static reference to the non-static field eUtil
Cannot make a static reference to the non-static field pUtil

at Sprint1.RegisteringToApplicationTest.RegisteringToGoldbharathTest(RegisteringToApplicationTest.java:78)
at Sprint1.Sample.abc(Sample.java:10)
at java.base/jdk.internal.reflect.NativeMethodAccessorImpl.invoke0(Native Method)
at java.base/jdk.internal.reflect.NativeMethodAccessorImpl.invoke(NativeMethodAccessorImpl.java:77)
at java.base/jdk.internal.reflect.DelegatingMethodAccessorImpl.invoke(DelegatingMethodAccessorImpl.java:43)
at java.base/java.lang.reflect.Method.invoke(Method.java:568)
at org.testng.internal.invokers.MethodInvocationHelper.invokeMethod(MethodInvocationHelper.java:141)
at org.testng.internal.invokers.TestInvoker.invokeMethod(TestInvoker.java:697)
at org.testng.internal.invokers.TestInvoker.invokeTestMethod(TestInvoker.java:230)
at org.testng.internal.invokers.MethodRunner.runInSequence(MethodRunner.java:63)
at org.testng.internal.invokers.TestInvoker$MethodInvocationAgent.invoke(TestInvoker.java:1005)
at org.testng.internal.invokers.TestInvoker.invokeTestMethods(TestInvoker.java:203)
at org.testng.internal.invokers.TestMethodWorker.invokeTestMethods(TestMethodWorker.java:154)
at org.testng.internal.invokers.TestMethodWorker.run(TestMethodWorker.java:134)
at java.base/java.util.ArrayList.forEach(ArrayList.java:1511)
at org.testng.TestRunner.privateRun(TestRunner.java:744)
at org.testng.TestRunner.run(TestRunner.java:616)
at org.testng.SuiteRunner.runTest(SuiteRunner.java:421)
at org.testng.SuiteRunner.runSequentially(SuiteRunner.java:413)
at org.testng.SuiteRunner.privateRun(SuiteRunner.java:373)
at org.testng.SuiteRunner.run(SuiteRunner.java:312)
at org.testng.SuiteRunnerWorker.runSuite(SuiteRunnerWorker.java:52)
at org.testng.SuiteRunnerWorker.run(SuiteRunnerWorker.java:95)
at org.testng.TestNG.runSuitesSequentially(TestNG.java:1274)
at org.testng.TestNG.runSuitesLocally(TestNG.java:1208)
at org.testng.TestNG.runSuites(TestNG.java:1112)
at org.testng.TestNG.run(TestNG.java:1079)
at org.testng.remote.AbstractRemoteTestNG.run(AbstractRemoteTestNG.java:115)
at org.testng.remote.RemoteTestNG.initAndRun(RemoteTestNG.java:293)
at org.testng.remote.RemoteTestNG.main(RemoteTestNG.java:91)
]]>
    </error>
  </testcase> <!-- abc -->
</testsuite> <!-- Sprint1.Sample -->
